Notice	15a21790	1184
README	1dd393be	5394
cds.c	e3315d6b	4140
data.c	e66e9dd8	9954
defines.h	e500bb1a	8464
defs.h	197ced56	33889
equiv.c	1d94f69d	9299
error.c	f0c9f046	4951
exec.c	bf6062b	19507
expr.c	fda1d9f9	64028
f2c.h	1be46b90	4271
format.c	eebb639a	57315
format.h	b396862	458
formatdata.c	e5418db1	26244
ftypes.h	18b86a27	1377
gram.dcl	12d52ce2	8004
gram.exec	e190cb8e	3026
gram.expr	e3da3320	3137
gram.head	1bea096d	7258
gram.io	1b7c281c	3294
init.c	11922f8f	11507
intr.c	ea4995b2	20109
io.c	bfbc16c	30313
iob.h	ece45655	548
lex.c	e42f036a	32298
machdefs.h	4950e5b	659
main.c	f33ca571	17429
malloc.c	f55db7f7	3812
mem.c	1d2ccbcd	5368
memset.c	17404d52	1964
misc.c	f2186a81	21624
names.c	fe1866e6	20998
names.h	110806d6	569
niceprintf.c	185a35cd	10736
niceprintf.h	c31f08c	412
output.c	1f8a163	41118
output.h	fa6797d9	2103
p1defs.h	1b02743	5741
p1output.c	f9dcf1	14213
parse.h	18d34e6b	1119
parse_args.c	f39266af	13897
pccdefs.h	1b4fbbee	1195
pread.c	e1ea5c0e	17788
proc.c	f5d0571a	37216
put.c	1935e48e	10099
putpcc.c	158b7bed	42582
sysdep.c	eaf36fe0	12615
sysdep.h	68aaafd	2645
tokens	188b7c5d	733
usignal.h	1c4ce909	124
vax.c	f42c0ad7	11732
version.c	168a32ff	107
xsum.c	ec5cc970	6579
